<?xml version="1.0" encoding="UTF-8"?>
<!-- Generated by org.testng.reporters.JUnitXMLReporter -->
<testsuite ignored="3" hostname="Khosruz" failures="0" tests="1" name="Default test" time="1.594" errors="0" timestamp="2023-10-23T14:12:34 EDT">
  <testcase classname="com.College.Tests.FacultiesCrudOps" name="getFaculties" time="1.124"/>
  <testcase classname="com.College.Tests.FacultiesCrudOps" name="updateFacultyData" time="0.0">
    <ignored/>
  </testcase> <!-- updateFacultyData -->
  <testcase classname="com.College.Tests.FacultiesCrudOps" name="createFaculty" time="0.0">
    <ignored/>
  </testcase> <!-- createFaculty -->
  <testcase classname="com.College.Tests.FacultiesCrudOps" name="getSingleRecord" time="0.0">
    <ignored/>
  </testcase> <!-- getSingleRecord -->
</testsuite> <!-- Default test -->
