<?xml version="1.0" encoding="UTF-8"?>
<!-- Generated by org.testng.reporters.JUnitXMLReporter -->
<testsuite ignored="5" hostname="Khosruz" failures="0" tests="1" name="Default test" time="2.873" errors="0" timestamp="2024-02-05T11:53:00 EST">
  <testcase classname="com.College.Tests.FacultiesCrudOps" name="getSingleRecordByFiresName" time="2.37"/>
  <testcase classname="com.College.Tests.FacultiesCrudOps" name="createFaculty" time="0.0">
    <ignored/>
  </testcase> <!-- createFaculty -->
  <testcase classname="com.College.Tests.FacultiesCrudOps" name="getSingleRecordById" time="0.0">
    <ignored/>
  </testcase> <!-- getSingleRecordById -->
  <testcase classname="com.College.Tests.FacultiesCrudOps" name="getFaculties" time="0.0">
    <ignored/>
  </testcase> <!-- getFaculties -->
  <testcase classname="com.College.Tests.FacultiesCrudOps" name="updateFacultyData" time="0.0">
    <ignored/>
  </testcase> <!-- updateFacultyData -->
  <testcase classname="com.College.Tests.FacultiesCrudOps" name="deleteSingleRecord" time="0.0">
    <ignored/>
  </testcase> <!-- deleteSingleRecord -->
</testsuite> <!-- Default test -->
