<?xml version="1.0" encoding="UTF-8"?>
<!-- Generated by org.testng.reporters.JUnitXMLReporter -->
<testsuite ignored="0" hostname="Khosruz" failures="1" tests="6" name="Regression Suit for Faculties" time="3.118" errors="0" timestamp="2024-02-21T22:44:41 EST">
  <testcase classname="com.College.Tests.FacultiesCrudOps" name="getFaculties" time="1.198"/>
  <testcase classname="com.College.Tests.FacultiesCrudOps" name="getSingleRecordById" time="0.047"/>
  <testcase classname="com.College.Tests.FacultiesCrudOps" name="getSingleRecordByFiresName" time="0.69"/>
  <testcase classname="com.College.Tests.FacultiesCrudOps" name="createFaculty" time="0.375">
    <failure type="java.lang.NullPointerException" message="Cannot invoke &amp;quot;io.restassured.specification.RequestSpecification.post()&amp;quot; because &amp;quot;com.College.Helper.FacultiesServiceHelper.requestSpecifications&amp;quot; is null">
      <![CDATA[java.lang.NullPointerException: Cannot invoke "io.restassured.specification.RequestSpecification.post()" because "com.College.Helper.FacultiesServiceHelper.requestSpecifications" is null
at com.College.Helper.FacultiesServiceHelper.createFaculty(FacultiesServiceHelper.java:110)
at com.College.Tests.FacultiesCrudOps.createFaculty(FacultiesCrudOps.java:59)
at java.base/java.util.ArrayList.forEach(ArrayList.java:1511)
... Removed 27 stack frames]]>
    </failure>
  </testcase> <!-- createFaculty -->
  <testcase classname="com.College.Tests.FacultiesCrudOps" name="updateFacultyData" time="0.084"/>
  <testcase classname="com.College.Tests.FacultiesCrudOps" name="deleteSingleRecord" time="0.033"/>
</testsuite> <!-- Regression Suit for Faculties -->
