<?xml version="1.0" encoding="UTF-8"?>
<!-- Generated by org.testng.reporters.JUnitXMLReporter -->
<testsuite ignored="0" hostname="Khosruz" failures="0" tests="6" name="Test" time="2.789" errors="0" timestamp="2023-10-24T11:33:15 EDT">
  <testcase classname="com.College.Tests.FacultiesCrudOps" name="getFaculties" time="1.215"/>
  <testcase classname="com.College.Tests.FacultiesCrudOps" name="getSingleRecordById" time="0.061"/>
  <testcase classname="com.College.Tests.FacultiesCrudOps" name="getSingleRecordByFiresName" time="0.618"/>
  <testcase classname="com.College.Tests.FacultiesCrudOps" name="createFaculty" time="0.302"/>
  <testcase classname="com.College.Tests.FacultiesCrudOps" name="updateFacultyData" time="0.044"/>
  <testcase classname="com.College.Tests.FacultiesCrudOps" name="deleteSingleRecord" time="0.033"/>
</testsuite> <!-- Test -->
