<?xml version="1.0" encoding="UTF-8"?>
<testng-results ignored="3" total="4" passed="1" failed="0" skipped="0">
  <reporter-output>
  </reporter-output>
  <suite started-at="2023-10-23T14:12:47 EDT" name="Suite" finished-at="2023-10-23T14:12:49 EDT" duration-ms="1545">
    <groups>
    </groups>
    <test started-at="2023-10-23T14:12:47 EDT" name="Test" finished-at="2023-10-23T14:12:49 EDT" duration-ms="1545">
      <class name="com.College.Tests.StudentsCrudTest">
        <test-method is-config="true" signature="initialization()[pri:0, instance:com.College.Tests.StudentsCrudTest@5890e879]" started-at="2023-10-23T14:12:48 EDT" name="initialization" finished-at="2023-10-23T14:12:48 EDT" duration-ms="379" status="PASS">
          <reporter-output>
          </reporter-output>
        </test-method> <!-- initialization -->
        <test-method signature="getAllStudents()[pri:0, instance:com.College.Tests.StudentsCrudTest@5890e879]" started-at="2023-10-23T14:12:48 EDT" name="getAllStudents" finished-at="2023-10-23T14:12:49 EDT" duration-ms="1068" status="PASS">
          <reporter-output>
          </reporter-output>
        </test-method> <!-- getAllStudents -->
      </class> <!-- com.College.Tests.StudentsCrudTest -->
    </test> <!-- Test -->
  </suite> <!-- Suite -->
</testng-results>
